{"timestamp": "2025-08-23T20:36:12.822298Z", "level": "FATAL", "service": "game-service", "message": "Critical game engine failure", "request_id": "req_9e27517a", "error": "Memory allocation failed", "error_code": "MEMORY_ERROR", "action": "engine_failure"}
{"timestamp": "2025-08-23T20:36:12.822333Z", "level": "ERROR", "service": "game-service", "message": "Game state synchronization failed", "request_id": "req_d95c74fc", "game_id": "game_4ad61f87", "error": "State mismatch between server and client", "error_code": "SYNC_FAILED", "action": "sync_error"}
{"timestamp": "2025-08-23T20:36:12.822628Z", "level": "ERROR", "service": "game-service", "message": "Failed to connect to database", "request_id": "req_e6c45c44", "error": "Connection timeout after 5000ms", "error_code": "DB_CONNECTION_TIMEOUT", "action": "database_error"}
{"timestamp": "2025-08-23T20:36:12.822816Z", "level": "ERROR", "service": "game-service", "message": "Game state synchronization failed", "request_id": "req_c3fa7190", "game_id": "game_961bb1d7", "error": "State mismatch between server and client", "error_code": "SYNC_FAILED", "action": "sync_error"}
{"timestamp": "2025-08-23T20:36:12.823004Z", "level": "ERROR", "service": "game-service", "message": "Game state synchronization failed", "request_id": "req_530a1687", "game_id": "game_ede8aa12", "error": "State mismatch between server and client", "error_code": "SYNC_FAILED", "action": "sync_error"}
{"timestamp": "2025-08-23T20:36:12.823035Z", "level": "ERROR", "service": "game-service", "message": "Failed to connect to database", "request_id": "req_a83a35e3", "error": "Connection timeout after 5000ms", "error_code": "DB_CONNECTION_TIMEOUT", "action": "database_error"}
{"timestamp": "2025-08-23T20:36:12.823465Z", "level": "ERROR", "service": "game-service", "message": "Game state synchronization failed", "request_id": "req_762f06fb", "game_id": "game_f35855a0", "error": "State mismatch between server and client", "error_code": "SYNC_FAILED", "action": "sync_error"}
{"timestamp": "2025-08-23T20:36:12.823538Z", "level": "ERROR", "service": "game-service", "message": "Player disconnected unexpectedly", "request_id": "req_43f18ca4", "user_id": "user_1013", "username": "grandmaster", "error": "WebSocket connection lost", "error_code": "PLAYER_DISCONNECT", "action": "connection_error"}
{"timestamp": "2025-08-23T20:36:12.823565Z", "level": "ERROR", "service": "game-service", "message": "Game state synchronization failed", "request_id": "req_6b79b8db", "game_id": "game_6073b46b", "error": "State mismatch between server and client", "error_code": "SYNC_FAILED", "action": "sync_error"}
{"timestamp": "2025-08-23T20:36:12.823672Z", "level": "ERROR", "service": "game-service", "message": "Player disconnected unexpectedly", "request_id": "req_e8cb47a2", "user_id": "user_1007", "username": "rookie_player", "error": "WebSocket connection lost", "error_code": "PLAYER_DISCONNECT", "action": "connection_error"}
{"timestamp": "2025-08-23T20:36:12.823697Z", "level": "ERROR", "service": "game-service", "message": "Failed to connect to database", "request_id": "req_bf70f78f", "error": "Connection timeout after 5000ms", "error_code": "DB_CONNECTION_TIMEOUT", "action": "database_error"}
{"timestamp": "2025-08-23T20:36:12.823735Z", "level": "FATAL", "service": "game-service", "message": "Critical game engine failure", "request_id": "req_3596a2b2", "error": "Memory allocation failed", "error_code": "MEMORY_ERROR", "action": "engine_failure"}
{"timestamp": "2025-08-23T20:36:12.823822Z", "level": "ERROR", "service": "game-service", "message": "Game state synchronization failed", "request_id": "req_2bd88d77", "game_id": "game_6560dc89", "error": "State mismatch between server and client", "error_code": "SYNC_FAILED", "action": "sync_error"}
{"timestamp": "2025-08-23T20:36:12.824022Z", "level": "ERROR", "service": "game-service", "message": "Game state synchronization failed", "request_id": "req_f60389a2", "game_id": "game_7480ab18", "error": "State mismatch between server and client", "error_code": "SYNC_FAILED", "action": "sync_error"}
{"timestamp": "2025-08-23T20:36:12.824136Z", "level": "ERROR", "service": "game-service", "message": "Failed to connect to database", "request_id": "req_ce9ab7d5", "error": "Connection timeout after 5000ms", "error_code": "DB_CONNECTION_TIMEOUT", "action": "database_error"}
{"timestamp": "2025-08-23T20:36:12.824288Z", "level": "ERROR", "service": "game-service", "message": "Failed to connect to database", "request_id": "req_351706e5", "error": "Connection timeout after 5000ms", "error_code": "DB_CONNECTION_TIMEOUT", "action": "database_error"}
{"timestamp": "2025-08-23T20:36:12.824452Z", "level": "ERROR", "service": "game-service", "message": "Player disconnected unexpectedly", "request_id": "req_b7300a9a", "user_id": "user_1007", "username": "rookie_player", "error": "WebSocket connection lost", "error_code": "PLAYER_DISCONNECT", "action": "connection_error"}
{"timestamp": "2025-08-23T20:36:12.824589Z", "level": "FATAL", "service": "game-service", "message": "Critical game engine failure", "request_id": "req_34c65f56", "error": "Memory allocation failed", "error_code": "MEMORY_ERROR", "action": "engine_failure"}
{"timestamp": "2025-08-23T20:36:12.824644Z", "level": "ERROR", "service": "game-service", "message": "Game state synchronization failed", "request_id": "req_47f377f4", "game_id": "game_63e35596", "error": "State mismatch between server and client", "error_code": "SYNC_FAILED", "action": "sync_error"}
{"timestamp": "2025-08-23T20:36:12.824904Z", "level": "ERROR", "service": "game-service", "message": "Invalid game move detected", "request_id": "req_883bc863", "user_id": "user_1007", "username": "rookie_player", "error": "Move validation failed", "error_code": "INVALID_MOVE", "action": "validation_error"}
{"timestamp": "2025-08-23T20:36:12.824959Z", "level": "ERROR", "service": "game-service", "message": "Game state synchronization failed", "request_id": "req_19f918cb", "game_id": "game_bb624fce", "error": "State mismatch between server and client", "error_code": "SYNC_FAILED", "action": "sync_error"}
{"timestamp": "2025-08-23T20:36:12.825545Z", "level": "ERROR", "service": "game-service", "message": "Invalid game move detected", "request_id": "req_974e93a2", "user_id": "user_1009", "username": "legend123", "error": "Move validation failed", "error_code": "INVALID_MOVE", "action": "validation_error"}
{"timestamp": "2025-08-23T20:36:12.825713Z", "level": "FATAL", "service": "game-service", "message": "Critical game engine failure", "request_id": "req_42825e70", "error": "Memory allocation failed", "error_code": "MEMORY_ERROR", "action": "engine_failure"}
{"timestamp": "2025-08-23T20:36:12.825796Z", "level": "ERROR", "service": "game-service", "message": "Player disconnected unexpectedly", "request_id": "req_32b0a4e8", "user_id": "user_1004", "username": "gameking", "error": "WebSocket connection lost", "error_code": "PLAYER_DISCONNECT", "action": "connection_error"}
{"timestamp": "2025-08-23T20:36:12.825882Z", "level": "ERROR", "service": "game-service", "message": "Invalid game move detected", "request_id": "req_9927b9e7", "user_id": "user_1008", "username": "pro_gamer", "error": "Move validation failed", "error_code": "INVALID_MOVE", "action": "validation_error"}
{"timestamp": "2025-08-23T20:36:12.826007Z", "level": "FATAL", "service": "game-service", "message": "Critical game engine failure", "request_id": "req_31094b9f", "error": "Memory allocation failed", "error_code": "MEMORY_ERROR", "action": "engine_failure"}
{"timestamp": "2025-08-23T20:36:12.826046Z", "level": "ERROR", "service": "game-service", "message": "Invalid game move detected", "request_id": "req_2b0f8434", "user_id": "user_1005", "username": "speedster", "error": "Move validation failed", "error_code": "INVALID_MOVE", "action": "validation_error"}
{"timestamp": "2025-08-23T20:36:12.826129Z", "level": "ERROR", "service": "game-service", "message": "Game state synchronization failed", "request_id": "req_474e5b98", "game_id": "game_e3d4a5ed", "error": "State mismatch between server and client", "error_code": "SYNC_FAILED", "action": "sync_error"}
{"timestamp": "2025-08-23T20:36:12.826214Z", "level": "ERROR", "service": "game-service", "message": "Game state synchronization failed", "request_id": "req_5e5fc50a", "game_id": "game_7b42ddf7", "error": "State mismatch between server and client", "error_code": "SYNC_FAILED", "action": "sync_error"}
{"timestamp": "2025-08-23T20:36:12.826574Z", "level": "ERROR", "service": "game-service", "message": "Invalid game move detected", "request_id": "req_ab446315", "user_id": "user_1009", "username": "legend123", "error": "Move validation failed", "error_code": "INVALID_MOVE", "action": "validation_error"}
{"timestamp": "2025-08-23T20:36:12.826793Z", "level": "ERROR", "service": "game-service", "message": "Invalid game move detected", "request_id": "req_e388ad5f", "user_id": "user_1009", "username": "legend123", "error": "Move validation failed", "error_code": "INVALID_MOVE", "action": "validation_error"}
{"timestamp": "2025-08-23T20:36:12.826837Z", "level": "ERROR", "service": "game-service", "message": "Player disconnected unexpectedly", "request_id": "req_e9b5afa3", "user_id": "user_1014", "username": "elite_player", "error": "WebSocket connection lost", "error_code": "PLAYER_DISCONNECT", "action": "connection_error"}
{"timestamp": "2025-08-23T20:36:12.826984Z", "level": "ERROR", "service": "game-service", "message": "Invalid game move detected", "request_id": "req_13f76ae6", "user_id": "user_1003", "username": "paddle_pro", "error": "Move validation failed", "error_code": "INVALID_MOVE", "action": "validation_error"}
{"timestamp": "2025-08-23T20:36:12.827069Z", "level": "ERROR", "service": "game-service", "message": "Invalid game move detected", "request_id": "req_0046391e", "user_id": "user_1009", "username": "legend123", "error": "Move validation failed", "error_code": "INVALID_MOVE", "action": "validation_error"}
{"timestamp": "2025-08-23T20:36:12.827112Z", "level": "FATAL", "service": "game-service", "message": "Critical game engine failure", "request_id": "req_90e475d8", "error": "Memory allocation failed", "error_code": "MEMORY_ERROR", "action": "engine_failure"}
{"timestamp": "2025-08-23T20:36:12.827527Z", "level": "ERROR", "service": "game-service", "message": "Failed to connect to database", "request_id": "req_decfaaf3", "error": "Connection timeout after 5000ms", "error_code": "DB_CONNECTION_TIMEOUT", "action": "database_error"}
{"timestamp": "2025-08-23T20:36:12.827598Z", "level": "ERROR", "service": "game-service", "message": "Player disconnected unexpectedly", "request_id": "req_d3df645b", "user_id": "user_1002", "username": "ballbuster", "error": "WebSocket connection lost", "error_code": "PLAYER_DISCONNECT", "action": "connection_error"}
{"timestamp": "2025-08-23T20:36:12.827904Z", "level": "ERROR", "service": "game-service", "message": "Failed to connect to database", "request_id": "req_c32c7e14", "error": "Connection timeout after 5000ms", "error_code": "DB_CONNECTION_TIMEOUT", "action": "database_error"}
{"timestamp": "2025-08-23T20:36:12.827949Z", "level": "ERROR", "service": "game-service", "message": "Player disconnected unexpectedly", "request_id": "req_73128efa", "user_id": "user_1010", "username": "newbie", "error": "WebSocket connection lost", "error_code": "PLAYER_DISCONNECT", "action": "connection_error"}
{"timestamp": "2025-08-23T20:36:12.828042Z", "level": "FATAL", "service": "game-service", "message": "Critical game engine failure", "request_id": "req_70874c23", "error": "Memory allocation failed", "error_code": "MEMORY_ERROR", "action": "engine_failure"}
{"timestamp": "2025-08-23T20:36:12.828113Z", "level": "ERROR", "service": "game-service", "message": "Failed to connect to database", "request_id": "req_aa91581b", "error": "Connection timeout after 5000ms", "error_code": "DB_CONNECTION_TIMEOUT", "action": "database_error"}
{"timestamp": "2025-08-23T20:36:12.828158Z", "level": "FATAL", "service": "game-service", "message": "Critical game engine failure", "request_id": "req_2578b0d1", "error": "Memory allocation failed", "error_code": "MEMORY_ERROR", "action": "engine_failure"}
{"timestamp": "2025-08-23T20:36:12.828188Z", "level": "ERROR", "service": "game-service", "message": "Failed to connect to database", "request_id": "req_1d150d59", "error": "Connection timeout after 5000ms", "error_code": "DB_CONNECTION_TIMEOUT", "action": "database_error"}
{"timestamp": "2025-08-23T20:36:12.828239Z", "level": "ERROR", "service": "game-service", "message": "Player disconnected unexpectedly", "request_id": "req_9e49c759", "user_id": "user_1004", "username": "gameking", "error": "WebSocket connection lost", "error_code": "PLAYER_DISCONNECT", "action": "connection_error"}
{"timestamp": "2025-08-23T20:36:12.828416Z", "level": "ERROR", "service": "game-service", "message": "Player disconnected unexpectedly", "request_id": "req_e61d25e8", "user_id": "user_1008", "username": "pro_gamer", "error": "WebSocket connection lost", "error_code": "PLAYER_DISCONNECT", "action": "connection_error"}
{"timestamp": "2025-08-23T20:36:12.828837Z", "level": "ERROR", "service": "game-service", "message": "Failed to connect to database", "request_id": "req_4a1f2493", "error": "Connection timeout after 5000ms", "error_code": "DB_CONNECTION_TIMEOUT", "action": "database_error"}
{"timestamp": "2025-08-23T20:36:12.828883Z", "level": "ERROR", "service": "game-service", "message": "Invalid game move detected", "request_id": "req_788d4183", "user_id": "user_1009", "username": "legend123", "error": "Move validation failed", "error_code": "INVALID_MOVE", "action": "validation_error"}
{"timestamp": "2025-08-23T20:36:12.829007Z", "level": "FATAL", "service": "game-service", "message": "Critical game engine failure", "request_id": "req_4d6b8e47", "error": "Memory allocation failed", "error_code": "MEMORY_ERROR", "action": "engine_failure"}
{"timestamp": "2025-08-23T20:36:12.829318Z", "level": "FATAL", "service": "game-service", "message": "Critical game engine failure", "request_id": "req_a142c39b", "error": "Memory allocation failed", "error_code": "MEMORY_ERROR", "action": "engine_failure"}
{"timestamp": "2025-08-23T20:36:12.829369Z", "level": "ERROR", "service": "game-service", "message": "Game state synchronization failed", "request_id": "req_43f94fc9", "game_id": "game_f2389fa8", "error": "State mismatch between server and client", "error_code": "SYNC_FAILED", "action": "sync_error"}
{"timestamp": "2025-08-23T20:36:12.829569Z", "level": "ERROR", "service": "game-service", "message": "Game state synchronization failed", "request_id": "req_1e941e39", "game_id": "game_74bc062d", "error": "State mismatch between server and client", "error_code": "SYNC_FAILED", "action": "sync_error"}
{"timestamp": "2025-08-23T20:36:12.829734Z", "level": "ERROR", "service": "game-service", "message": "Player disconnected unexpectedly", "request_id": "req_af896530", "user_id": "user_1001", "username": "pongmaster", "error": "WebSocket connection lost", "error_code": "PLAYER_DISCONNECT", "action": "connection_error"}
{"timestamp": "2025-08-23T20:36:12.829759Z", "level": "ERROR", "service": "game-service", "message": "Failed to connect to database", "request_id": "req_f0e622b3", "error": "Connection timeout after 5000ms", "error_code": "DB_CONNECTION_TIMEOUT", "action": "database_error"}
{"timestamp": "2025-08-23T20:36:12.829826Z", "level": "ERROR", "service": "game-service", "message": "Game state synchronization failed", "request_id": "req_dfc84888", "game_id": "game_79d225b2", "error": "State mismatch between server and client", "error_code": "SYNC_FAILED", "action": "sync_error"}
{"timestamp": "2025-08-23T20:36:12.830080Z", "level": "ERROR", "service": "game-service", "message": "Player disconnected unexpectedly", "request_id": "req_520457ea", "user_id": "user_1011", "username": "veteran", "error": "WebSocket connection lost", "error_code": "PLAYER_DISCONNECT", "action": "connection_error"}
{"timestamp": "2025-08-23T20:36:12.830110Z", "level": "ERROR", "service": "game-service", "message": "Player disconnected unexpectedly", "request_id": "req_92458801", "user_id": "user_1003", "username": "paddle_pro", "error": "WebSocket connection lost", "error_code": "PLAYER_DISCONNECT", "action": "connection_error"}
{"timestamp": "2025-08-23T20:36:12.830314Z", "level": "ERROR", "service": "game-service", "message": "Invalid game move detected", "request_id": "req_c18c897c", "user_id": "user_1002", "username": "ballbuster", "error": "Move validation failed", "error_code": "INVALID_MOVE", "action": "validation_error"}
{"timestamp": "2025-08-23T20:36:12.830433Z", "level": "ERROR", "service": "game-service", "message": "Game state synchronization failed", "request_id": "req_f9901db7", "game_id": "game_7e741a01", "error": "State mismatch between server and client", "error_code": "SYNC_FAILED", "action": "sync_error"}
{"timestamp": "2025-08-23T20:36:12.830542Z", "level": "ERROR", "service": "game-service", "message": "Game state synchronization failed", "request_id": "req_640d3704", "game_id": "game_698f7848", "error": "State mismatch between server and client", "error_code": "SYNC_FAILED", "action": "sync_error"}
{"timestamp": "2025-08-23T20:36:12.830913Z", "level": "ERROR", "service": "game-service", "message": "Invalid game move detected", "request_id": "req_f81a7231", "user_id": "user_1005", "username": "speedster", "error": "Move validation failed", "error_code": "INVALID_MOVE", "action": "validation_error"}
{"timestamp": "2025-08-23T20:36:12.830938Z", "level": "ERROR", "service": "game-service", "message": "Failed to connect to database", "request_id": "req_c98653fa", "error": "Connection timeout after 5000ms", "error_code": "DB_CONNECTION_TIMEOUT", "action": "database_error"}
{"timestamp": "2025-08-23T20:36:12.831191Z", "level": "ERROR", "service": "game-service", "message": "Failed to connect to database", "request_id": "req_e2fc7535", "error": "Connection timeout after 5000ms", "error_code": "DB_CONNECTION_TIMEOUT", "action": "database_error"}
{"timestamp": "2025-08-23T20:36:12.831262Z", "level": "FATAL", "service": "game-service", "message": "Critical game engine failure", "request_id": "req_54fb191c", "error": "Memory allocation failed", "error_code": "MEMORY_ERROR", "action": "engine_failure"}
{"timestamp": "2025-08-23T20:36:12.831581Z", "level": "ERROR", "service": "game-service", "message": "Player disconnected unexpectedly", "request_id": "req_33f20c95", "user_id": "user_1003", "username": "paddle_pro", "error": "WebSocket connection lost", "error_code": "PLAYER_DISCONNECT", "action": "connection_error"}
{"timestamp": "2025-08-23T20:36:12.831665Z", "level": "ERROR", "service": "game-service", "message": "Game state synchronization failed", "request_id": "req_c539b818", "game_id": "game_1c3aa845", "error": "State mismatch between server and client", "error_code": "SYNC_FAILED", "action": "sync_error"}
{"timestamp": "2025-08-23T20:36:12.831706Z", "level": "FATAL", "service": "game-service", "message": "Critical game engine failure", "request_id": "req_f3a73b32", "error": "Memory allocation failed", "error_code": "MEMORY_ERROR", "action": "engine_failure"}
{"timestamp": "2025-08-23T20:36:12.831819Z", "level": "ERROR", "service": "game-service", "message": "Game state synchronization failed", "request_id": "req_09607bac", "game_id": "game_f3126586", "error": "State mismatch between server and client", "error_code": "SYNC_FAILED", "action": "sync_error"}
{"timestamp": "2025-08-23T20:36:12.832070Z", "level": "ERROR", "service": "game-service", "message": "Invalid game move detected", "request_id": "req_5f1698b5", "user_id": "user_1010", "username": "newbie", "error": "Move validation failed", "error_code": "INVALID_MOVE", "action": "validation_error"}
{"timestamp": "2025-08-23T20:36:12.832104Z", "level": "ERROR", "service": "game-service", "message": "Player disconnected unexpectedly", "request_id": "req_1a0bc5cc", "user_id": "user_1004", "username": "gameking", "error": "WebSocket connection lost", "error_code": "PLAYER_DISCONNECT", "action": "connection_error"}
{"timestamp": "2025-08-23T20:36:12.832178Z", "level": "FATAL", "service": "game-service", "message": "Critical game engine failure", "request_id": "req_0a0f8872", "error": "Memory allocation failed", "error_code": "MEMORY_ERROR", "action": "engine_failure"}
{"timestamp": "2025-08-23T20:36:12.832632Z", "level": "ERROR", "service": "game-service", "message": "Failed to connect to database", "request_id": "req_61a61470", "error": "Connection timeout after 5000ms", "error_code": "DB_CONNECTION_TIMEOUT", "action": "database_error"}
{"timestamp": "2025-08-23T20:36:12.832855Z", "level": "FATAL", "service": "game-service", "message": "Critical game engine failure", "request_id": "req_cc3a6bef", "error": "Memory allocation failed", "error_code": "MEMORY_ERROR", "action": "engine_failure"}
{"timestamp": "2025-08-23T20:36:12.832890Z", "level": "ERROR", "service": "game-service", "message": "Invalid game move detected", "request_id": "req_f3a70caf", "user_id": "user_1005", "username": "speedster", "error": "Move validation failed", "error_code": "INVALID_MOVE", "action": "validation_error"}
{"timestamp": "2025-08-23T20:36:12.832915Z", "level": "ERROR", "service": "game-service", "message": "Game state synchronization failed", "request_id": "req_ef87fc22", "game_id": "game_a696fa9d", "error": "State mismatch between server and client", "error_code": "SYNC_FAILED", "action": "sync_error"}
{"timestamp": "2025-08-23T20:36:12.832984Z", "level": "ERROR", "service": "game-service", "message": "Invalid game move detected", "request_id": "req_91d8c742", "user_id": "user_1008", "username": "pro_gamer", "error": "Move validation failed", "error_code": "INVALID_MOVE", "action": "validation_error"}
{"timestamp": "2025-08-23T20:36:12.833298Z", "level": "FATAL", "service": "game-service", "message": "Critical game engine failure", "request_id": "req_fd0eb364", "error": "Memory allocation failed", "error_code": "MEMORY_ERROR", "action": "engine_failure"}
{"timestamp": "2025-08-23T20:36:12.833346Z", "level": "FATAL", "service": "game-service", "message": "Critical game engine failure", "request_id": "req_e43d1554", "error": "Memory allocation failed", "error_code": "MEMORY_ERROR", "action": "engine_failure"}
{"timestamp": "2025-08-23T20:36:12.833768Z", "level": "ERROR", "service": "game-service", "message": "Failed to connect to database", "request_id": "req_efad8c2a", "error": "Connection timeout after 5000ms", "error_code": "DB_CONNECTION_TIMEOUT", "action": "database_error"}
{"timestamp": "2025-08-23T20:36:12.833802Z", "level": "ERROR", "service": "game-service", "message": "Game state synchronization failed", "request_id": "req_da498f5e", "game_id": "game_d280bfd8", "error": "State mismatch between server and client", "error_code": "SYNC_FAILED", "action": "sync_error"}
{"timestamp": "2025-08-23T20:36:12.833831Z", "level": "ERROR", "service": "game-service", "message": "Failed to connect to database", "request_id": "req_b9050b73", "error": "Connection timeout after 5000ms", "error_code": "DB_CONNECTION_TIMEOUT", "action": "database_error"}
{"timestamp": "2025-08-23T20:36:12.834003Z", "level": "ERROR", "service": "game-service", "message": "Failed to connect to database", "request_id": "req_1c45bb77", "error": "Connection timeout after 5000ms", "error_code": "DB_CONNECTION_TIMEOUT", "action": "database_error"}
{"timestamp": "2025-08-23T20:36:12.834042Z", "level": "ERROR", "service": "game-service", "message": "Invalid game move detected", "request_id": "req_c8ad55a3", "user_id": "user_1014", "username": "elite_player", "error": "Move validation failed", "error_code": "INVALID_MOVE", "action": "validation_error"}
{"timestamp": "2025-08-23T20:36:12.834072Z", "level": "ERROR", "service": "game-service", "message": "Invalid game move detected", "request_id": "req_6cc56a5a", "user_id": "user_1005", "username": "speedster", "error": "Move validation failed", "error_code": "INVALID_MOVE", "action": "validation_error"}
{"timestamp": "2025-08-23T20:36:12.834096Z", "level": "ERROR", "service": "game-service", "message": "Game state synchronization failed", "request_id": "req_afd2634a", "game_id": "game_7ba20ace", "error": "State mismatch between server and client", "error_code": "SYNC_FAILED", "action": "sync_error"}
{"timestamp": "2025-08-23T20:36:12.834466Z", "level": "FATAL", "service": "game-service", "message": "Critical game engine failure", "request_id": "req_79cf4c45", "error": "Memory allocation failed", "error_code": "MEMORY_ERROR", "action": "engine_failure"}
