{"timestamp": "2025-08-23T20:36:12.822180Z", "level": "INFO", "service": "game-service", "message": "Game room created", "request_id": "req_06503140", "room_id": "room_9d95e0", "action": "room_create"}
{"timestamp": "2025-08-23T20:36:12.822381Z", "level": "DEBUG", "service": "game-service", "message": "Processing game state update", "request_id": "req_4f600194", "action": "state_update"}
{"timestamp": "2025-08-23T20:36:12.822490Z", "level": "INFO", "service": "game-service", "message": "Game room created", "request_id": "req_e36179bf", "room_id": "room_208171", "action": "room_create"}
{"timestamp": "2025-08-23T20:36:12.822898Z", "level": "DEBUG", "service": "game-service", "message": "Processing game state update", "request_id": "req_97148cd9", "action": "state_update"}
{"timestamp": "2025-08-23T20:36:12.822971Z", "level": "INFO", "service": "game-service", "message": "Game service started successfully", "request_id": "req_e1d7bec2", "action": "service_start"}
{"timestamp": "2025-08-23T20:36:12.823103Z", "level": "INFO", "service": "game-service", "message": "Game room created", "request_id": "req_fb5f3000", "room_id": "room_1e5eae", "action": "room_create"}
{"timestamp": "2025-08-23T20:36:12.823432Z", "level": "INFO", "service": "game-service", "message": "Player speedster connected to game service", "request_id": "req_859b590e", "user_id": "user_1005", "username": "speedster", "action": "player_connect"}
{"timestamp": "2025-08-23T20:36:12.823758Z", "level": "INFO", "service": "game-service", "message": "Game service started successfully", "request_id": "req_9c8fe98c", "action": "service_start"}
{"timestamp": "2025-08-23T20:36:12.823793Z", "level": "INFO", "service": "game-service", "message": "Game room created", "request_id": "req_b64c547b", "room_id": "room_c16ccf", "action": "room_create"}
{"timestamp": "2025-08-23T20:36:12.823926Z", "level": "INFO", "service": "game-service", "message": "Game room created", "request_id": "req_a7b6cc74", "room_id": "room_415349", "action": "room_create"}
{"timestamp": "2025-08-23T20:36:12.823998Z", "level": "WARN", "service": "game-service", "message": "High CPU usage detected", "request_id": "req_c37424bf", "action": "performance_warning", "cpu_usage": 83}
{"timestamp": "2025-08-23T20:36:12.824359Z", "level": "DEBUG", "service": "game-service", "message": "Processing game state update", "request_id": "req_e9b37a9b", "action": "state_update"}
{"timestamp": "2025-08-23T20:36:12.824517Z", "level": "INFO", "service": "game-service", "message": "Game room created", "request_id": "req_ad79677b", "room_id": "room_ea047d", "action": "room_create"}
{"timestamp": "2025-08-23T20:36:12.824613Z", "level": "INFO", "service": "game-service", "message": "Player paddle_pro connected to game service", "request_id": "req_0521bc27", "user_id": "user_1003", "username": "paddle_pro", "action": "player_connect"}
{"timestamp": "2025-08-23T20:36:12.824866Z", "level": "INFO", "service": "game-service", "message": "Player grandmaster connected to game service", "request_id": "req_da8a8fdd", "user_id": "user_1013", "username": "grandmaster", "action": "player_connect"}
{"timestamp": "2025-08-23T20:36:12.824934Z", "level": "WARN", "service": "game-service", "message": "High CPU usage detected", "request_id": "req_e1d72198", "action": "performance_warning", "cpu_usage": 87}
{"timestamp": "2025-08-23T20:36:12.825064Z", "level": "INFO", "service": "game-service", "message": "Player player1 connected to game service", "request_id": "req_9f83c892", "user_id": "user_1000", "username": "player1", "action": "player_connect"}
{"timestamp": "2025-08-23T20:36:12.825138Z", "level": "INFO", "service": "game-service", "message": "Game room created", "request_id": "req_a7da3a2f", "room_id": "room_3f8399", "action": "room_create"}
{"timestamp": "2025-08-23T20:36:12.825241Z", "level": "DEBUG", "service": "game-service", "message": "Processing game state update", "request_id": "req_2b4a6b27", "action": "state_update"}
{"timestamp": "2025-08-23T20:36:12.825277Z", "level": "WARN", "service": "game-service", "message": "High CPU usage detected", "request_id": "req_71d07c5f", "action": "performance_warning", "cpu_usage": 80}
{"timestamp": "2025-08-23T20:36:12.825305Z", "level": "DEBUG", "service": "game-service", "message": "Processing game state update", "request_id": "req_f9c236f1", "action": "state_update"}
{"timestamp": "2025-08-23T20:36:12.825359Z", "level": "WARN", "service": "game-service", "message": "High CPU usage detected", "request_id": "req_fad65d4b", "action": "performance_warning", "cpu_usage": 81}
{"timestamp": "2025-08-23T20:36:12.825508Z", "level": "DEBUG", "service": "game-service", "message": "Processing game state update", "request_id": "req_d081229b", "action": "state_update"}
{"timestamp": "2025-08-23T20:36:12.825608Z", "level": "DEBUG", "service": "game-service", "message": "Processing game state update", "request_id": "req_4a5bf7fd", "action": "state_update"}
{"timestamp": "2025-08-23T20:36:12.825748Z", "level": "INFO", "service": "game-service", "message": "Game service started successfully", "request_id": "req_a5d828b8", "action": "service_start"}
{"timestamp": "2025-08-23T20:36:12.825969Z", "level": "WARN", "service": "game-service", "message": "High CPU usage detected", "request_id": "req_596b1425", "action": "performance_warning", "cpu_usage": 89}
{"timestamp": "2025-08-23T20:36:12.826176Z", "level": "INFO", "service": "game-service", "message": "Game room created", "request_id": "req_99693fc3", "room_id": "room_f39b52", "action": "room_create"}
{"timestamp": "2025-08-23T20:36:12.826306Z", "level": "WARN", "service": "game-service", "message": "High CPU usage detected", "request_id": "req_d2e68bfd", "action": "performance_warning", "cpu_usage": 93}
{"timestamp": "2025-08-23T20:36:12.826381Z", "level": "INFO", "service": "game-service", "message": "Game service started successfully", "request_id": "req_7337e212", "action": "service_start"}
{"timestamp": "2025-08-23T20:36:12.826423Z", "level": "DEBUG", "service": "game-service", "message": "Processing game state update", "request_id": "req_4f93e35d", "action": "state_update"}
{"timestamp": "2025-08-23T20:36:12.826701Z", "level": "INFO", "service": "game-service", "message": "Player ballbuster connected to game service", "request_id": "req_91da81fb", "user_id": "user_1002", "username": "ballbuster", "action": "player_connect"}
{"timestamp": "2025-08-23T20:36:12.826748Z", "level": "INFO", "service": "game-service", "message": "Game room created", "request_id": "req_8ea11c81", "room_id": "room_93e948", "action": "room_create"}
{"timestamp": "2025-08-23T20:36:12.827286Z", "level": "INFO", "service": "game-service", "message": "Player speedster connected to game service", "request_id": "req_61bed16b", "user_id": "user_1005", "username": "speedster", "action": "player_connect"}
{"timestamp": "2025-08-23T20:36:12.827329Z", "level": "INFO", "service": "game-service", "message": "Player newbie connected to game service", "request_id": "req_8b759541", "user_id": "user_1010", "username": "newbie", "action": "player_connect"}
{"timestamp": "2025-08-23T20:36:12.828364Z", "level": "INFO", "service": "game-service", "message": "Game room created", "request_id": "req_71de16bc", "room_id": "room_b4c5fc", "action": "room_create"}
{"timestamp": "2025-08-23T20:36:12.828536Z", "level": "WARN", "service": "game-service", "message": "High CPU usage detected", "request_id": "req_8dfe527b", "action": "performance_warning", "cpu_usage": 82}
{"timestamp": "2025-08-23T20:36:12.828760Z", "level": "INFO", "service": "game-service", "message": "Player rookie_player connected to game service", "request_id": "req_d4d37ce4", "user_id": "user_1007", "username": "rookie_player", "action": "player_connect"}
{"timestamp": "2025-08-23T20:36:12.828928Z", "level": "WARN", "service": "game-service", "message": "High CPU usage detected", "request_id": "req_3dfd266e", "action": "performance_warning", "cpu_usage": 89}
{"timestamp": "2025-08-23T20:36:12.828961Z", "level": "INFO", "service": "game-service", "message": "Game room created", "request_id": "req_a5e9f3b0", "room_id": "room_620348", "action": "room_create"}
{"timestamp": "2025-08-23T20:36:12.829136Z", "level": "INFO", "service": "game-service", "message": "Player legend123 connected to game service", "request_id": "req_aef0a5fb", "user_id": "user_1009", "username": "legend123", "action": "player_connect"}
{"timestamp": "2025-08-23T20:36:12.829483Z", "level": "INFO", "service": "game-service", "message": "Game service started successfully", "request_id": "req_544acc3e", "action": "service_start"}
{"timestamp": "2025-08-23T20:36:12.829535Z", "level": "INFO", "service": "game-service", "message": "Player challenger connected to game service", "request_id": "req_f03ebdc9", "user_id": "user_1012", "username": "challenger", "action": "player_connect"}
{"timestamp": "2025-08-23T20:36:12.829901Z", "level": "DEBUG", "service": "game-service", "message": "Processing game state update", "request_id": "req_474def8c", "action": "state_update"}
{"timestamp": "2025-08-23T20:36:12.830050Z", "level": "WARN", "service": "game-service", "message": "High CPU usage detected", "request_id": "req_04f5553a", "action": "performance_warning", "cpu_usage": 95}
{"timestamp": "2025-08-23T20:36:12.830141Z", "level": "INFO", "service": "game-service", "message": "Player elite_player connected to game service", "request_id": "req_d64c5a64", "user_id": "user_1014", "username": "elite_player", "action": "player_connect"}
{"timestamp": "2025-08-23T20:36:12.830173Z", "level": "DEBUG", "service": "game-service", "message": "Processing game state update", "request_id": "req_47bffffd", "action": "state_update"}
{"timestamp": "2025-08-23T20:36:12.830202Z", "level": "INFO", "service": "game-service", "message": "Player grandmaster connected to game service", "request_id": "req_82fbbac2", "user_id": "user_1013", "username": "grandmaster", "action": "player_connect"}
{"timestamp": "2025-08-23T20:36:12.830270Z", "level": "INFO", "service": "game-service", "message": "Player pro_gamer connected to game service", "request_id": "req_573ebb32", "user_id": "user_1008", "username": "pro_gamer", "action": "player_connect"}
{"timestamp": "2025-08-23T20:36:12.830510Z", "level": "DEBUG", "service": "game-service", "message": "Processing game state update", "request_id": "req_fd9da745", "action": "state_update"}
{"timestamp": "2025-08-23T20:36:12.830575Z", "level": "INFO", "service": "game-service", "message": "Game room created", "request_id": "req_d77f7e92", "room_id": "room_ff769f", "action": "room_create"}
{"timestamp": "2025-08-23T20:36:12.830721Z", "level": "DEBUG", "service": "game-service", "message": "Processing game state update", "request_id": "req_772d9638", "action": "state_update"}
{"timestamp": "2025-08-23T20:36:12.830864Z", "level": "INFO", "service": "game-service", "message": "Player champion42 connected to game service", "request_id": "req_5b0bdd4f", "user_id": "user_1006", "username": "champion42", "action": "player_connect"}
{"timestamp": "2025-08-23T20:36:12.831010Z", "level": "WARN", "service": "game-service", "message": "High CPU usage detected", "request_id": "req_f50566b6", "action": "performance_warning", "cpu_usage": 95}
{"timestamp": "2025-08-23T20:36:12.831069Z", "level": "INFO", "service": "game-service", "message": "Game room created", "request_id": "req_a48bf7f5", "room_id": "room_193c63", "action": "room_create"}
{"timestamp": "2025-08-23T20:36:12.831164Z", "level": "DEBUG", "service": "game-service", "message": "Processing game state update", "request_id": "req_d47fb4ff", "action": "state_update"}
{"timestamp": "2025-08-23T20:36:12.831333Z", "level": "INFO", "service": "game-service", "message": "Player veteran connected to game service", "request_id": "req_a31ce03e", "user_id": "user_1011", "username": "veteran", "action": "player_connect"}
{"timestamp": "2025-08-23T20:36:12.831855Z", "level": "INFO", "service": "game-service", "message": "Player veteran connected to game service", "request_id": "req_479614c9", "user_id": "user_1011", "username": "veteran", "action": "player_connect"}
{"timestamp": "2025-08-23T20:36:12.831977Z", "level": "INFO", "service": "game-service", "message": "Game room created", "request_id": "req_82cc0704", "room_id": "room_aafe82", "action": "room_create"}
{"timestamp": "2025-08-23T20:36:12.832134Z", "level": "INFO", "service": "game-service", "message": "Game service started successfully", "request_id": "req_19313aaa", "action": "service_start"}
{"timestamp": "2025-08-23T20:36:12.832816Z", "level": "WARN", "service": "game-service", "message": "High CPU usage detected", "request_id": "req_858e58f9", "action": "performance_warning", "cpu_usage": 87}
{"timestamp": "2025-08-23T20:36:12.832946Z", "level": "INFO", "service": "game-service", "message": "Player gameking connected to game service", "request_id": "req_9372822d", "user_id": "user_1004", "username": "gameking", "action": "player_connect"}
{"timestamp": "2025-08-23T20:36:12.833076Z", "level": "INFO", "service": "game-service", "message": "Player champion42 connected to game service", "request_id": "req_1f982197", "user_id": "user_1006", "username": "champion42", "action": "player_connect"}
{"timestamp": "2025-08-23T20:36:12.833219Z", "level": "INFO", "service": "game-service", "message": "Game room created", "request_id": "req_19183bbf", "room_id": "room_88cd21", "action": "room_create"}
{"timestamp": "2025-08-23T20:36:12.833256Z", "level": "DEBUG", "service": "game-service", "message": "Processing game state update", "request_id": "req_07fe99fd", "action": "state_update"}
{"timestamp": "2025-08-23T20:36:12.833380Z", "level": "WARN", "service": "game-service", "message": "High CPU usage detected", "request_id": "req_04db48fe", "action": "performance_warning", "cpu_usage": 81}
{"timestamp": "2025-08-23T20:36:12.833865Z", "level": "DEBUG", "service": "game-service", "message": "Processing game state update", "request_id": "req_b041d48e", "action": "state_update"}
{"timestamp": "2025-08-23T20:36:12.833980Z", "level": "WARN", "service": "game-service", "message": "High CPU usage detected", "request_id": "req_2d400fa4", "action": "performance_warning", "cpu_usage": 85}
{"timestamp": "2025-08-23T20:36:12.834274Z", "level": "DEBUG", "service": "game-service", "message": "Processing game state update", "request_id": "req_ff21bbda", "action": "state_update"}
{"timestamp": "2025-08-23T20:36:12.834303Z", "level": "INFO", "service": "game-service", "message": "Game service started successfully", "request_id": "req_ae9c4b41", "action": "service_start"}
{"timestamp": "2025-08-23T20:36:12.834433Z", "level": "WARN", "service": "game-service", "message": "High CPU usage detected", "request_id": "req_268e4aca", "action": "performance_warning", "cpu_usage": 87}
